  book.cpp
C:\Users\user\Desktop\File\veda\project\Project\Project\eachBook.h(3,7): error C2143: 구문 오류: ';'이(가) '<' 앞에 없습니다.
  (소스 파일 'book.cpp'을(를) 컴파일하는 중)
  
C:\Users\user\Desktop\File\veda\project\Project\Project\eachBook.h(3,7): error C4430: 형식 지정자가 없습니다. int로 가정합니다. 참고: C++에서는 기본 int를 지원하지 않습니다.
  (소스 파일 'book.cpp'을(를) 컴파일하는 중)
  
C:\Users\user\Desktop\File\veda\project\Project\Project\eachBook.h(3,7): error C2059: 구문 오류: '<'
  (소스 파일 'book.cpp'을(를) 컴파일하는 중)
  
C:\Users\user\Desktop\File\veda\project\Project\Project\eachBook.h(5,24): error C2504: 'Book': 기본 클래스를 정의하지 않았습니다.
  (소스 파일 'book.cpp'을(를) 컴파일하는 중)
  
C:\Users\user\Desktop\File\veda\project\Project\Project\eachBook.h(3,1): error C2872: 'vector': 모호한 기호입니다.
  (소스 파일 'book.cpp'을(를) 컴파일하는 중)
  C:\Users\user\Desktop\File\veda\project\Project\Project\eachBook.h(3,1):
  'int vector'일 수 있습니다.
  C:\Program Files\Microsoft Visual Studio\2022\Community\VC\Tools\MSVC\14.39.33519\include\vector(436,7):
  또는       'std::vector'
  
C:\Users\user\Desktop\File\veda\project\Project\Project\eachBook.h(3,7): error C2143: 구문 오류: ';'이(가) '<' 앞에 없습니다.
  (소스 파일 'book.cpp'을(를) 컴파일하는 중)
  
C:\Users\user\Desktop\File\veda\project\Project\Project\eachBook.h(3,7): error C4430: 형식 지정자가 없습니다. int로 가정합니다. 참고: C++에서는 기본 int를 지원하지 않습니다.
  (소스 파일 'book.cpp'을(를) 컴파일하는 중)
  
C:\Users\user\Desktop\File\veda\project\Project\Project\eachBook.h(3,1): error C2086: 'int vector': 재정의
  (소스 파일 'book.cpp'을(를) 컴파일하는 중)
  C:\Users\user\Desktop\File\veda\project\Project\Project\eachBook.h(3,1):
  'vector' 선언을 참조하십시오.
  
C:\Users\user\Desktop\File\veda\project\Project\Project\eachBook.h(3,7): error C2059: 구문 오류: '<'
  (소스 파일 'book.cpp'을(를) 컴파일하는 중)
  
C:\Users\user\Desktop\File\veda\project\Project\Project\eachBook.h(5,16): error C2011: 'EachBook': 'class' 형식 재정의
  (소스 파일 'book.cpp'을(를) 컴파일하는 중)
  C:\Users\user\Desktop\File\veda\project\Project\Project\eachBook.h(5,7):
  'EachBook' 선언을 참조하십시오.
  
C:\Users\user\Desktop\File\veda\project\Project\Project\book.cpp(27,8): error C2039: 'each': 'Book'의 멤버가 아닙니다.
  C:\Users\user\Desktop\File\veda\project\Project\Project\book.h(9,7):
  'Book' 선언을 참조하십시오.
  
C:\Users\user\Desktop\File\veda\project\Project\Project\book.cpp(32,2): error C2872: 'vector': 모호한 기호입니다.
  C:\Users\user\Desktop\File\veda\project\Project\Project\eachBook.h(3,1):
  'int vector'일 수 있습니다.
  C:\Program Files\Microsoft Visual Studio\2022\Community\VC\Tools\MSVC\14.39.33519\include\vector(436,7):
  또는       'std::vector'
  
C:\Users\user\Desktop\File\veda\project\Project\Project\book.cpp(32,9): error C2275: 'EachBook': 형식 대신 식이 필요합니다.
C:\Users\user\Desktop\File\veda\project\Project\Project\book.cpp(32,20): error C2955: 'std::iterator': 클래스 템플릿을(를) 사용하려면 템플릿 인수 목록이 필요합니다.
  C:\Program Files\Microsoft Visual Studio\2022\Community\VC\Tools\MSVC\14.39.33519\include\xutility(7073,45):
  'std::iterator' 선언을 참조하십시오.
  
C:\Users\user\Desktop\File\veda\project\Project\Project\book.cpp(32,29): error C2146: 구문 오류: ';'이(가) 'it' 식별자 앞에 없습니다.
C:\Users\user\Desktop\File\veda\project\Project\Project\book.cpp(32,29): error C2065: 'it': 선언되지 않은 식별자입니다.
C:\Users\user\Desktop\File\veda\project\Project\Project\book.cpp(33,7): error C2065: 'it': 선언되지 않은 식별자입니다.
C:\Users\user\Desktop\File\veda\project\Project\Project\book.cpp(33,18): error C2039: 'each': 'Book'의 멤버가 아닙니다.
  C:\Users\user\Desktop\File\veda\project\Project\Project\book.h(9,7):
  'Book' 선언을 참조하십시오.
  
C:\Users\user\Desktop\File\veda\project\Project\Project\book.cpp(33,32): error C2065: 'it': 선언되지 않은 식별자입니다.
C:\Users\user\Desktop\File\veda\project\Project\Project\book.cpp(33,38): error C2065: 'each': 선언되지 않은 식별자입니다.
C:\Users\user\Desktop\File\veda\project\Project\Project\book.cpp(33,50): error C2065: 'it': 선언되지 않은 식별자입니다.
C:\Users\user\Desktop\File\veda\project\Project\Project\book.cpp(34,9): error C2065: 'it': 선언되지 않은 식별자입니다.
C:\Users\user\Desktop\File\veda\project\Project\Project\book.cpp(36,31): error C2065: 'it': 선언되지 않은 식별자입니다.
C:\Users\user\Desktop\File\veda\project\Project\Project\book.cpp(37,31): error C2065: 'it': 선언되지 않은 식별자입니다.
C:\Users\user\Desktop\File\veda\project\Project\Project\book.cpp(38,30): error C2065: 'it': 선언되지 않은 식별자입니다.
C:\Users\user\Desktop\File\veda\project\Project\Project\book.cpp(39,8): error C2065: 'it': 선언되지 않은 식별자입니다.
C:\Users\user\Desktop\File\veda\project\Project\Project\book.cpp(47,2): error C2872: 'vector': 모호한 기호입니다.
  C:\Users\user\Desktop\File\veda\project\Project\Project\eachBook.h(3,1):
  'int vector'일 수 있습니다.
  C:\Program Files\Microsoft Visual Studio\2022\Community\VC\Tools\MSVC\14.39.33519\include\vector(436,7):
  또는       'std::vector'
  
C:\Users\user\Desktop\File\veda\project\Project\Project\book.cpp(47,9): error C2275: 'EachBook': 형식 대신 식이 필요합니다.
C:\Users\user\Desktop\File\veda\project\Project\Project\book.cpp(47,20): error C2955: 'std::iterator': 클래스 템플릿을(를) 사용하려면 템플릿 인수 목록이 필요합니다.
  C:\Program Files\Microsoft Visual Studio\2022\Community\VC\Tools\MSVC\14.39.33519\include\xutility(7073,45):
  'std::iterator' 선언을 참조하십시오.
  
C:\Users\user\Desktop\File\veda\project\Project\Project\book.cpp(47,29): error C2146: 구문 오류: ';'이(가) 'it' 식별자 앞에 없습니다.
C:\Users\user\Desktop\File\veda\project\Project\Project\book.cpp(47,29): error C2065: 'it': 선언되지 않은 식별자입니다.
C:\Users\user\Desktop\File\veda\project\Project\Project\book.cpp(48,7): error C2065: 'it': 선언되지 않은 식별자입니다.
C:\Users\user\Desktop\File\veda\project\Project\Project\book.cpp(48,12): error C2355: 'this': 비정적 멤버 함수 또는 비정적 데이터 멤버 이니셜라이저 안에서만 참조할 수 있습니다.
C:\Users\user\Desktop\File\veda\project\Project\Project\book.cpp(48,32): error C2065: 'it': 선언되지 않은 식별자입니다.
C:\Users\user\Desktop\File\veda\project\Project\Project\book.cpp(48,38): error C2065: 'each': 선언되지 않은 식별자입니다.
C:\Users\user\Desktop\File\veda\project\Project\Project\book.cpp(48,50): error C2065: 'it': 선언되지 않은 식별자입니다.
C:\Users\user\Desktop\File\veda\project\Project\Project\book.cpp(49,9): error C2065: 'it': 선언되지 않은 식별자입니다.
C:\Users\user\Desktop\File\veda\project\Project\Project\book.cpp(51,4): error C2065: 'it': 선언되지 않은 식별자입니다.
  eachBook.cpp
C:\Users\user\Desktop\File\veda\project\Project\Project\eachBook.h(3,8): error C2065: 'EachBook': 선언되지 않은 식별자입니다.
  (소스 파일 'eachBook.cpp'을(를) 컴파일하는 중)
  
C:\Users\user\Desktop\File\veda\project\Project\Project\eachBook.h(3,1): error C2923: 'std::vector': 'EachBook'은(는) '_Ty' 매개 변수에 대한 올바른 템플릿 형식 인수가 아닙니다.
  (소스 파일 'eachBook.cpp'을(를) 컴파일하는 중)
  C:\Users\user\Desktop\File\veda\project\Project\Project\eachBook.h(3,8):
  'EachBook' 선언을 참조하십시오.
  
C:\Users\user\Desktop\File\veda\project\Project\Project\eachBook.h(3,1): error C2976: 'std::vector': 템플릿 인수가 너무 적습니다.
  (소스 파일 'eachBook.cpp'을(를) 컴파일하는 중)
  C:\Program Files\Microsoft Visual Studio\2022\Community\VC\Tools\MSVC\14.39.33519\include\vector(436,7):
  'std::vector' 선언을 참조하십시오.
  
C:\Users\user\Desktop\File\veda\project\Project\Project\eachBook.h(3,18): error C2133: 'each': 알 수 없는 크기입니다.
  (소스 파일 'eachBook.cpp'을(를) 컴파일하는 중)
  
C:\Users\user\Desktop\File\veda\project\Project\Project\eachBook.h(3,18): error C2512: 'std::vector': 사용할 수 있는 적절한 기본 생성자가 없습니다.
  (소스 파일 'eachBook.cpp'을(를) 컴파일하는 중)
  C:\Program Files\Microsoft Visual Studio\2022\Community\VC\Tools\MSVC\14.39.33519\include\vector(436,7):
  'std::vector' 선언을 참조하십시오.
  
C:\Users\user\Desktop\File\veda\project\Project\Project\eachBook.h(5,24): error C2504: 'Book': 기본 클래스를 정의하지 않았습니다.
  (소스 파일 'eachBook.cpp'을(를) 컴파일하는 중)
  
C:\Users\user\Desktop\File\veda\project\Project\Project\eachBook.h(3,18): error C2371: 'each': 재정의. 기본 형식이 다릅니다.
  (소스 파일 'eachBook.cpp'을(를) 컴파일하는 중)
  C:\Users\user\Desktop\File\veda\project\Project\Project\eachBook.h(3,18):
  'each' 선언을 참조하십시오.
  
C:\Users\user\Desktop\File\veda\project\Project\Project\eachBook.h(5,16): error C2011: 'EachBook': 'class' 형식 재정의
  (소스 파일 'eachBook.cpp'을(를) 컴파일하는 중)
  C:\Users\user\Desktop\File\veda\project\Project\Project\eachBook.h(5,7):
  'EachBook' 선언을 참조하십시오.
  
C:\Users\user\Desktop\File\veda\project\Project\Project\eachBook.cpp(6,11): error C2027: 정의되지 않은 형식 'EachBook'을(를) 사용했습니다.
  C:\Users\user\Desktop\File\veda\project\Project\Project\eachBook.h(5,7):
  'EachBook' 선언을 참조하십시오.
  
C:\Users\user\Desktop\File\veda\project\Project\Project\eachBook.cpp(6,22): error C4430: 형식 지정자가 없습니다. int로 가정합니다. 참고: C++에서는 기본 int를 지원하지 않습니다.
C:\Users\user\Desktop\File\veda\project\Project\Project\eachBook.cpp(7,2): error C2355: 'this': 비정적 멤버 함수 또는 비정적 데이터 멤버 이니셜라이저 안에서만 참조할 수 있습니다.
C:\Users\user\Desktop\File\veda\project\Project\Project\eachBook.cpp(8,2): error C2355: 'this': 비정적 멤버 함수 또는 비정적 데이터 멤버 이니셜라이저 안에서만 참조할 수 있습니다.
C:\Users\user\Desktop\File\veda\project\Project\Project\eachBook.cpp(9,1): warning C4508: '{ctor}': 함수는 값을 반환해야 하므로 'void' 반환 형식으로 간주됩니다.
C:\Users\user\Desktop\File\veda\project\Project\Project\eachBook.cpp(10,11): error C2027: 정의되지 않은 형식 'EachBook'을(를) 사용했습니다.
  C:\Users\user\Desktop\File\veda\project\Project\Project\eachBook.h(5,7):
  'EachBook' 선언을 참조하십시오.
  
C:\Users\user\Desktop\File\veda\project\Project\Project\eachBook.cpp(11,1): error C4430: 형식 지정자가 없습니다. int로 가정합니다. 참고: C++에서는 기본 int를 지원하지 않습니다.
C:\Users\user\Desktop\File\veda\project\Project\Project\eachBook.cpp(12,2): error C2355: 'this': 비정적 멤버 함수 또는 비정적 데이터 멤버 이니셜라이저 안에서만 참조할 수 있습니다.
C:\Users\user\Desktop\File\veda\project\Project\Project\eachBook.cpp(13,2): error C2355: 'this': 비정적 멤버 함수 또는 비정적 데이터 멤버 이니셜라이저 안에서만 참조할 수 있습니다.
C:\Users\user\Desktop\File\veda\project\Project\Project\eachBook.cpp(14,1): warning C4508: '{ctor}': 함수는 값을 반환해야 하므로 'void' 반환 형식으로 간주됩니다.
C:\Users\user\Desktop\File\veda\project\Project\Project\eachBook.cpp(16,16): error C2027: 정의되지 않은 형식 'EachBook'을(를) 사용했습니다.
  C:\Users\user\Desktop\File\veda\project\Project\Project\eachBook.h(5,7):
  'EachBook' 선언을 참조하십시오.
  
C:\Users\user\Desktop\File\veda\project\Project\Project\eachBook.cpp(18,2): error C2355: 'this': 비정적 멤버 함수 또는 비정적 데이터 멤버 이니셜라이저 안에서만 참조할 수 있습니다.
C:\Users\user\Desktop\File\veda\project\Project\Project\eachBook.cpp(20,15): error C2027: 정의되지 않은 형식 'EachBook'을(를) 사용했습니다.
  C:\Users\user\Desktop\File\veda\project\Project\Project\eachBook.h(5,7):
  'EachBook' 선언을 참조하십시오.
  
C:\Users\user\Desktop\File\veda\project\Project\Project\eachBook.cpp(22,9): error C2355: 'this': 비정적 멤버 함수 또는 비정적 데이터 멤버 이니셜라이저 안에서만 참조할 수 있습니다.
C:\Users\user\Desktop\File\veda\project\Project\Project\eachBook.cpp(24,16): error C2027: 정의되지 않은 형식 'EachBook'을(를) 사용했습니다.
  C:\Users\user\Desktop\File\veda\project\Project\Project\eachBook.h(5,7):
  'EachBook' 선언을 참조하십시오.
  
C:\Users\user\Desktop\File\veda\project\Project\Project\eachBook.cpp(26,9): error C2065: 'borrow': 선언되지 않은 식별자입니다.
C:\Users\user\Desktop\File\veda\project\Project\Project\eachBook.cpp(29,16): error C2027: 정의되지 않은 형식 'EachBook'을(를) 사용했습니다.
  C:\Users\user\Desktop\File\veda\project\Project\Project\eachBook.h(5,7):
  'EachBook' 선언을 참조하십시오.
  
C:\Users\user\Desktop\File\veda\project\Project\Project\eachBook.cpp(31,2): error C2355: 'this': 비정적 멤버 함수 또는 비정적 데이터 멤버 이니셜라이저 안에서만 참조할 수 있습니다.
  member.cpp
C:\Users\user\Desktop\File\veda\project\Project\Project\eachBook.h(3,8): error C2065: 'EachBook': 선언되지 않은 식별자입니다.
  (소스 파일 'member.cpp'을(를) 컴파일하는 중)
  
C:\Users\user\Desktop\File\veda\project\Project\Project\eachBook.h(3,1): error C2923: 'std::vector': 'EachBook'은(는) '_Ty' 매개 변수에 대한 올바른 템플릿 형식 인수가 아닙니다.
  (소스 파일 'member.cpp'을(를) 컴파일하는 중)
  C:\Users\user\Desktop\File\veda\project\Project\Project\eachBook.h(3,8):
  'EachBook' 선언을 참조하십시오.
  
C:\Users\user\Desktop\File\veda\project\Project\Project\eachBook.h(3,1): error C2976: 'std::vector': 템플릿 인수가 너무 적습니다.
  (소스 파일 'member.cpp'을(를) 컴파일하는 중)
  C:\Program Files\Microsoft Visual Studio\2022\Community\VC\Tools\MSVC\14.39.33519\include\vector(436,7):
  'std::vector' 선언을 참조하십시오.
  
C:\Users\user\Desktop\File\veda\project\Project\Project\eachBook.h(3,18): error C2133: 'each': 알 수 없는 크기입니다.
  (소스 파일 'member.cpp'을(를) 컴파일하는 중)
  
C:\Users\user\Desktop\File\veda\project\Project\Project\eachBook.h(3,18): error C2512: 'std::vector': 사용할 수 있는 적절한 기본 생성자가 없습니다.
  (소스 파일 'member.cpp'을(를) 컴파일하는 중)
  C:\Program Files\Microsoft Visual Studio\2022\Community\VC\Tools\MSVC\14.39.33519\include\vector(436,7):
  'std::vector' 선언을 참조하십시오.
  
C:\Users\user\Desktop\File\veda\project\Project\Project\eachBook.h(5,24): error C2504: 'Book': 기본 클래스를 정의하지 않았습니다.
  (소스 파일 'member.cpp'을(를) 컴파일하는 중)
  
C:\Users\user\Desktop\File\veda\project\Project\Project\eachBook.h(3,18): error C2371: 'each': 재정의. 기본 형식이 다릅니다.
  (소스 파일 'member.cpp'을(를) 컴파일하는 중)
  C:\Users\user\Desktop\File\veda\project\Project\Project\eachBook.h(3,18):
  'each' 선언을 참조하십시오.
  
C:\Users\user\Desktop\File\veda\project\Project\Project\eachBook.h(5,16): error C2011: 'EachBook': 'class' 형식 재정의
  (소스 파일 'member.cpp'을(를) 컴파일하는 중)
  C:\Users\user\Desktop\File\veda\project\Project\Project\eachBook.h(5,7):
  'EachBook' 선언을 참조하십시오.
  
C:\Users\user\Desktop\File\veda\project\Project\Project\member.cpp(79,25): error C2572: 'Member::Member': 기본 인수 재정의. 매개 변수 1
  C:\Users\user\Desktop\File\veda\project\Project\Project\member.h(34,2):
  'Member::Member' 선언을 참조하십시오.
  
C:\Users\user\Desktop\File\veda\project\Project\Project\member.cpp(79,48): error C2572: 'Member::Member': 기본 인수 재정의. 매개 변수 2
  C:\Users\user\Desktop\File\veda\project\Project\Project\member.h(34,2):
  'Member::Member' 선언을 참조하십시오.
  
C:\Users\user\Desktop\File\veda\project\Project\Project\member.cpp(79,69): error C2572: 'Member::Member': 기본 인수 재정의. 매개 변수 3
  C:\Users\user\Desktop\File\veda\project\Project\Project\member.h(34,2):
  'Member::Member' 선언을 참조하십시오.
  
C:\Users\user\Desktop\File\veda\project\Project\Project\member.cpp(79,86): error C2572: 'Member::Member': 기본 인수 재정의. 매개 변수 4
  C:\Users\user\Desktop\File\veda\project\Project\Project\member.h(34,2):
  'Member::Member' 선언을 참조하십시오.
  
C:\Users\user\Desktop\File\veda\project\Project\Project\member.cpp(114,24): error C2663: 'std::vector<_Ty,_Alloc>::_Unchecked_begin': 오버로드된 함수에 'this' 포인터에 대한 유효한 변환이 없습니다.
  C:\Program Files\Microsoft Visual Studio\2022\Community\VC\Tools\MSVC\14.39.33519\include\vector(1858,43):
  'allocator_traits<allocator_traits<_Alloc>::rebind_alloc<_Ty>>::const_pointer std::vector<_Ty,_Alloc>::_Unchecked_begin(void) noexcept const'일 수 있습니다.
  	C:\Users\user\Desktop\File\veda\project\Project\Project\member.cpp(114,24):
  	'allocator_traits<allocator_traits<_Alloc>::rebind_alloc<_Ty>>::const_pointer std::vector<_Ty,_Alloc>::_Unchecked_begin(void) noexcept const': 'this' 포인터를 'std::vector'에서 'const std::vector<_Ty,_Alloc> &'(으)로 변환할 수 없습니다.
  		C:\Users\user\Desktop\File\veda\project\Project\Project\member.cpp(114,24):
  		원인: 'std::vector'에서 'const std::vector<_Ty,_Alloc>'(으)로 변환할 수 없습니다.
  		C:\Users\user\Desktop\File\veda\project\Project\Project\member.cpp(114,24):
  		변환하려면 둘째 사용자 정의 변환 연산자 또는 생성자가 있어야 합니다.
  C:\Program Files\Microsoft Visual Studio\2022\Community\VC\Tools\MSVC\14.39.33519\include\vector(1854,37):
  또는       'allocator_traits<allocator_traits<_Alloc>::rebind_alloc<_Ty>>::pointer std::vector<_Ty,_Alloc>::_Unchecked_begin(void) noexcept'
  	C:\Users\user\Desktop\File\veda\project\Project\Project\member.cpp(114,24):
  	'allocator_traits<allocator_traits<_Alloc>::rebind_alloc<_Ty>>::pointer std::vector<_Ty,_Alloc>::_Unchecked_begin(void) noexcept': 'this' 포인터를 'std::vector'에서 'std::vector<_Ty,_Alloc> &'(으)로 변환할 수 없습니다.
  		C:\Users\user\Desktop\File\veda\project\Project\Project\member.cpp(114,24):
  		원인: 'std::vector'에서 'std::vector<_Ty,_Alloc>'(으)로 변환할 수 없습니다.
  		C:\Users\user\Desktop\File\veda\project\Project\Project\member.cpp(114,24):
  		변환하려면 둘째 사용자 정의 변환 연산자 또는 생성자가 있어야 합니다.
  C:\Users\user\Desktop\File\veda\project\Project\Project\member.cpp(114,24):
  인수 목록 '()'을(를) 일치시키는 동안
  
C:\Users\user\Desktop\File\veda\project\Project\Project\member.cpp(114,24): error C2663: 'std::vector<_Ty,_Alloc>::_Unchecked_end': 오버로드된 함수에 'this' 포인터에 대한 유효한 변환이 없습니다.
  C:\Program Files\Microsoft Visual Studio\2022\Community\VC\Tools\MSVC\14.39.33519\include\vector(1866,43):
  'allocator_traits<allocator_traits<_Alloc>::rebind_alloc<_Ty>>::const_pointer std::vector<_Ty,_Alloc>::_Unchecked_end(void) noexcept const'일 수 있습니다.
  	C:\Users\user\Desktop\File\veda\project\Project\Project\member.cpp(114,24):
  	'allocator_traits<allocator_traits<_Alloc>::rebind_alloc<_Ty>>::const_pointer std::vector<_Ty,_Alloc>::_Unchecked_end(void) noexcept const': 'this' 포인터를 'std::vector'에서 'const std::vector<_Ty,_Alloc> &'(으)로 변환할 수 없습니다.
  		C:\Users\user\Desktop\File\veda\project\Project\Project\member.cpp(114,24):
  		원인: 'std::vector'에서 'const std::vector<_Ty,_Alloc>'(으)로 변환할 수 없습니다.
  		C:\Users\user\Desktop\File\veda\project\Project\Project\member.cpp(114,24):
  		변환하려면 둘째 사용자 정의 변환 연산자 또는 생성자가 있어야 합니다.
  C:\Program Files\Microsoft Visual Studio\2022\Community\VC\Tools\MSVC\14.39.33519\include\vector(1862,37):
  또는       'allocator_traits<allocator_traits<_Alloc>::rebind_alloc<_Ty>>::pointer std::vector<_Ty,_Alloc>::_Unchecked_end(void) noexcept'
  	C:\Users\user\Desktop\File\veda\project\Project\Project\member.cpp(114,24):
  	'allocator_traits<allocator_traits<_Alloc>::rebind_alloc<_Ty>>::pointer std::vector<_Ty,_Alloc>::_Unchecked_end(void) noexcept': 'this' 포인터를 'std::vector'에서 'std::vector<_Ty,_Alloc> &'(으)로 변환할 수 없습니다.
  		C:\Users\user\Desktop\File\veda\project\Project\Project\member.cpp(114,24):
  		원인: 'std::vector'에서 'std::vector<_Ty,_Alloc>'(으)로 변환할 수 없습니다.
  		C:\Users\user\Desktop\File\veda\project\Project\Project\member.cpp(114,24):
  		변환하려면 둘째 사용자 정의 변환 연산자 또는 생성자가 있어야 합니다.
  C:\Users\user\Desktop\File\veda\project\Project\Project\member.cpp(114,24):
  인수 목록 '()'을(를) 일치시키는 동안
  
  코드를 생성하고 있습니다...
